<?xml version="1.0" encoding="UTF-8"?>
<testng-results ignored="0" total="1" passed="1" failed="0" skipped="0">
  <reporter-output>
  </reporter-output>
  <suite started-at="2024-08-20T10:06:32 IST" name="Default suite" finished-at="2024-08-20T10:06:43 IST" duration-ms="11037">
    <groups>
    </groups>
    <test started-at="2024-08-20T10:06:32 IST" name="Default test" finished-at="2024-08-20T10:06:43 IST" duration-ms="11037">
      <class name="testcase.TestC_001">
        <test-method is-config="true" signature="setup()[pri:0, instance:testcase.TestC_001@7526515b]" started-at="2024-08-20T10:06:32 IST" name="setup" finished-at="2024-08-20T10:06:34 IST" duration-ms="1981" status="PASS">
          <reporter-output>
          </reporter-output>
        </test-method> <!-- setup -->
        <test-method signature="loginTest()[pri:0, instance:testcase.TestC_001@7526515b]" started-at="2024-08-20T10:06:34 IST" name="loginTest" finished-at="2024-08-20T10:06:43 IST" duration-ms="9008" status="PASS">
          <reporter-output>
          </reporter-output>
        </test-method> <!-- loginTest -->
      </class> <!-- testcase.TestC_001 -->
    </test> <!-- Default test -->
  </suite> <!-- Default suite -->
</testng-results>
